app/build/outputs/logs/manifest-merger-debug-report.txt
-- Merging decision tree log ---
manifest
ADDED from src\main\AndroidManifest.xml:2:1-226:12
	package
		ADDED from src\main\AndroidManifest.xml:3:5-40
		INJECTED from src\main\AndroidManifest.xml
		INJECTED from src\main\AndroidManifest.xml
	android:versionName
		ADDED from src\main\AndroidManifest.xml:5:5-30
		INJECTED from src\main\AndroidManifest.xml
		INJECTED from src\main\AndroidManifest.xml
	android:versionCode
		ADDED from src\main\AndroidManifest.xml:4:5-28
		INJECTED from src\main\AndroidManifest.xml
		INJECTED from src\main\AndroidManifest.xml
	xmlns:android
		ADDED from src\main\AndroidManifest.xml:2:11-69
uses-sdk
ADDED from src\main\AndroidManifest.xml:7:5-9:41
	android:targetSdkVersion
		ADDED from src\main\AndroidManifest.xml:9:9-38
		INJECTED from src\main\AndroidManifest.xml
		INJECTED from src\main\AndroidManifest.xml
	android:minSdkVersion
		ADDED from src\main\AndroidManifest.xml:8:9-35
		INJECTED from src\main\AndroidManifest.xml
		INJECTED from src\main\AndroidManifest.xml
uses-permission#android.permission.INTERNET
ADDED from src\main\AndroidManifest.xml:12:5-67
	android:name
		ADDED from src\main\AndroidManifest.xml:12:22-64
uses-permission#android.permission.READ_PHONE_STATE
ADDED from src\main\AndroidManifest.xml:13:5-75
	android:name
		ADDED from src\main\AndroidManifest.xml:13:22-72
uses-permission#android.permission.ACCESS_NETWORK_STATE
ADDED from src\main\AndroidManifest.xml:14:5-79
	android:name
		ADDED from src\main\AndroidManifest.xml:14:22-76
uses-permission#android.permission.CHANGE_WIFI_STATE
ADDED from src\main\AndroidManifest.xml:15:5-76
	android:name
		ADDED from src\main\AndroidManifest.xml:15:22-73
uses-permission#android.permission.ACCESS_WIFI_STATE
ADDED from src\main\AndroidManifest.xml:16:5-76
	android:name
		ADDED from src\main\AndroidManifest.xml:16:22-73
uses-permission#android.permission.WAKE_LOCK
ADDED from src\main\AndroidManifest.xml:17:5-68
	android:name
		ADDED from src\main\AndroidManifest.xml:17:22-65
uses-permission#android.permission.RECEIVE_BOOT_COMPLETED
ADDED from src\main\AndroidManifest.xml:18:5-81
	android:name
		ADDED from src\main\AndroidManifest.xml:18:22-78
uses-permission#android.permission.WRITE_EXTERNAL_STORAGE
ADDED from src\main\AndroidManifest.xml:19:5-81
	android:name
		ADDED from src\main\AndroidManifest.xml:19:22-78
uses-permission#android.permission.VIBRATE
ADDED from src\main\AndroidManifest.xml:20:5-66
	android:name
		ADDED from src\main\AndroidManifest.xml:20:22-63
uses-permission#android.permission.GET_TASKS
ADDED from src\main\AndroidManifest.xml:21:5-68
	android:name
		ADDED from src\main\AndroidManifest.xml:21:22-65
uses-permission#android.permission.BLUETOOTH
ADDED from src\main\AndroidManifest.xml:23:5-68
	android:name
		ADDED from src\main\AndroidManifest.xml:23:22-65
uses-permission#android.permission.BLUETOOTH_ADMIN
ADDED from src\main\AndroidManifest.xml:24:5-74
	android:name
		ADDED from src\main\AndroidManifest.xml:24:22-71
uses-permission#android.permission.ACCESS_FINE_LOCATION
ADDED from src\main\AndroidManifest.xml:26:5-79
	android:name
		ADDED from src\main\AndroidManifest.xml:26:22-76
uses-permission#android.permission.ACCESS_COARSE_LOCATION
ADDED from src\main\AndroidManifest.xml:27:5-81
	android:name
		ADDED from src\main\AndroidManifest.xml:27:22-78
uses-permission#android.permission.SYSTEM_ALERT_WINDOW
ADDED from src\main\AndroidManifest.xml:29:5-78
	android:name
		ADDED from src\main\AndroidManifest.xml:29:22-75
uses-permission#getui.permission.GetuiService.com.jankin.smartgeography
ADDED from src\main\AndroidManifest.xml:31:5-95
	android:name
		ADDED from src\main\AndroidManifest.xml:31:22-92
permission#getui.permission.GetuiService.com.jankin.smartgeography
ADDED from src\main\AndroidManifest.xml:33:5-36:18
	android:protectionLevel
		ADDED from src\main\AndroidManifest.xml:35:9-41
	android:name
		ADDED from src\main\AndroidManifest.xml:34:9-79
uses-permission#android.permission.CAMERA
ADDED from src\main\AndroidManifest.xml:39:5-65
	android:name
		ADDED from src\main\AndroidManifest.xml:39:22-62
uses-permission#android.permission.MOUNT_UNMOUNT_FILESYSTEMS
ADDED from src\main\AndroidManifest.xml:42:5-84
	android:name
		ADDED from src\main\AndroidManifest.xml:42:22-81
application
ADDED from src\main\AndroidManifest.xml:75:5-224:19
	android:label
		ADDED from src\main\AndroidManifest.xml:78:9-41
	android:allowBackup
		ADDED from src\main\AndroidManifest.xml:76:9-35
	android:icon
		ADDED from src\main\AndroidManifest.xml:77:9-37
	android:theme
		ADDED from src\main\AndroidManifest.xml:79:9-40
activity#com.jankin.smartgeography.MainActivity
ADDED from src\main\AndroidManifest.xml:80:9-88:20
	android:label
		ADDED from src\main\AndroidManifest.xml:82:13-45
	android:name
		ADDED from src\main\AndroidManifest.xml:81:13-66
intent-filter#android.intent.action.MAIN+android.intent.category.LAUNCHER
ADDED from src\main\AndroidManifest.xml:83:13-87:29
action#android.intent.action.MAIN
ADDED from src\main\AndroidManifest.xml:84:17-69
	android:name
		ADDED from src\main\AndroidManifest.xml:84:25-66
category#android.intent.category.LAUNCHER
ADDED from src\main\AndroidManifest.xml:86:17-77
	android:name
		ADDED from src\main\AndroidManifest.xml:86:27-74
activity#com.jankin.smartgeography.LoginActivity
ADDED from src\main\AndroidManifest.xml:89:9-92:20
	android:label
		ADDED from src\main\AndroidManifest.xml:91:13-57
	android:name
		ADDED from src\main\AndroidManifest.xml:90:13-67
service#com.baidu.location.f
ADDED from src\main\AndroidManifest.xml:94:9-98:19
	android:enabled
		ADDED from src\main\AndroidManifest.xml:96:13-35
	android:process
		ADDED from src\main\AndroidManifest.xml:97:13-38
	android:name
		ADDED from src\main\AndroidManifest.xml:95:13-48
meta-data#com.baidu.lbsapi.API_KEY
ADDED from src\main\AndroidManifest.xml:100:9-103:21
	android:value
		ADDED from src\main\AndroidManifest.xml:102:13-53
	android:name
		ADDED from src\main\AndroidManifest.xml:101:13-52
meta-data#PUSH_APPID
ADDED from src\main\AndroidManifest.xml:107:9-109:54
	android:value
		ADDED from src\main\AndroidManifest.xml:109:13-51
	android:name
		ADDED from src\main\AndroidManifest.xml:108:13-38
meta-data#PUSH_APPKEY
ADDED from src\main\AndroidManifest.xml:111:9-113:54
	android:value
		ADDED from src\main\AndroidManifest.xml:113:13-51
	android:name
		ADDED from src\main\AndroidManifest.xml:112:13-39
meta-data#PUSH_APPSECRET
ADDED from src\main\AndroidManifest.xml:115:9-117:54
	android:value
		ADDED from src\main\AndroidManifest.xml:117:13-51
	android:name
		ADDED from src\main\AndroidManifest.xml:116:13-42
receiver#com.jankin.smartgeography.PushJankinReceiver
ADDED from src\main\AndroidManifest.xml:120:9-126:20
	android:exported
		ADDED from src\main\AndroidManifest.xml:122:13-37
	android:name
		ADDED from src\main\AndroidManifest.xml:121:13-72
intent-filter#com.igexin.sdk.action.o89xHDRjkbAlbLr72bHEF5
ADDED from src\main\AndroidManifest.xml:123:13-125:29
action#com.igexin.sdk.action.o89xHDRjkbAlbLr72bHEF5
ADDED from src\main\AndroidManifest.xml:124:17-87
	android:name
		ADDED from src\main\AndroidManifest.xml:124:25-84
service#com.igexin.sdk.PushService
ADDED from src\main\AndroidManifest.xml:128:9-132:46
	android:process
		ADDED from src\main\AndroidManifest.xml:132:13-43
	android:label
		ADDED from src\main\AndroidManifest.xml:131:13-47
	android:exported
		ADDED from src\main\AndroidManifest.xml:130:13-36
	android:name
		ADDED from src\main\AndroidManifest.xml:129:13-54
service#com.igexin.sdk.PushServiceUser
ADDED from src\main\AndroidManifest.xml:133:9-136:54
	android:label
		ADDED from src\main\AndroidManifest.xml:136:13-51
	android:exported
		ADDED from src\main\AndroidManifest.xml:135:13-36
	android:name
		ADDED from src\main\AndroidManifest.xml:134:13-58
receiver#com.igexin.sdk.PushReceiver
ADDED from src\main\AndroidManifest.xml:138:9-149:20
	android:name
		ADDED from src\main\AndroidManifest.xml:138:19-61
intent-filter#android.intent.action.ACTION_POWER_CONNECTED+android.intent.action.ACTION_POWER_DISCONNECTED+android.intent.action.BOOT_COMPLETED+android.intent.action.MEDIA_MOUNTED+android.intent.action.USER_PRESENT+android.net.conn.CONNECTIVITY_CHANGE+com.igexin.sdk.action.refreshls
ADDED from src\main\AndroidManifest.xml:139:13-148:29
action#android.intent.action.BOOT_COMPLETED
ADDED from src\main\AndroidManifest.xml:140:17-79
	android:name
		ADDED from src\main\AndroidManifest.xml:140:25-76
action#android.net.conn.CONNECTIVITY_CHANGE
ADDED from src\main\AndroidManifest.xml:141:17-79
	android:name
		ADDED from src\main\AndroidManifest.xml:141:25-76
action#android.intent.action.USER_PRESENT
ADDED from src\main\AndroidManifest.xml:142:17-77
	android:name
		ADDED from src\main\AndroidManifest.xml:142:25-74
action#com.igexin.sdk.action.refreshls
ADDED from src\main\AndroidManifest.xml:143:17-74
	android:name
		ADDED from src\main\AndroidManifest.xml:143:25-71
action#android.intent.action.MEDIA_MOUNTED
ADDED from src\main\AndroidManifest.xml:145:17-78
	android:name
		ADDED from src\main\AndroidManifest.xml:145:25-75
action#android.intent.action.ACTION_POWER_CONNECTED
ADDED from src\main\AndroidManifest.xml:146:17-87
	android:name
		ADDED from src\main\AndroidManifest.xml:146:25-84
action#android.intent.action.ACTION_POWER_DISCONNECTED
ADDED from src\main\AndroidManifest.xml:147:17-90
	android:name
		ADDED from src\main\AndroidManifest.xml:147:25-87
receiver#com.igexin.sdk.PushManagerReceiver
ADDED from src\main\AndroidManifest.xml:150:9-156:20
	android:exported
		ADDED from src\main\AndroidManifest.xml:152:13-37
	android:name
		ADDED from src\main\AndroidManifest.xml:151:13-62
intent-filter#com.igexin.sdk.action.pushmanager
ADDED from src\main\AndroidManifest.xml:153:13-155:29
action#com.igexin.sdk.action.pushmanager
ADDED from src\main\AndroidManifest.xml:154:17-76
	android:name
		ADDED from src\main\AndroidManifest.xml:154:25-73
activity#com.igexin.sdk.PushActivity
ADDED from src\main\AndroidManifest.xml:158:9-164:75
	android:process
		ADDED from src\main\AndroidManifest.xml:162:13-43
	android:excludeFromRecents
		ADDED from src\main\AndroidManifest.xml:160:13-46
	android:exported
		ADDED from src\main\AndroidManifest.xml:161:13-37
	android:theme
		ADDED from src\main\AndroidManifest.xml:164:13-72
	android:taskAffinity
		ADDED from src\main\AndroidManifest.xml:163:13-67
	android:name
		ADDED from src\main\AndroidManifest.xml:159:13-55
activity#com.igexin.sdk.GActivity
ADDED from src\main\AndroidManifest.xml:165:9-171:75
	android:process
		ADDED from src\main\AndroidManifest.xml:169:13-43
	android:excludeFromRecents
		ADDED from src\main\AndroidManifest.xml:167:13-46
	android:exported
		ADDED from src\main\AndroidManifest.xml:168:13-36
	android:theme
		ADDED from src\main\AndroidManifest.xml:171:13-72
	android:taskAffinity
		ADDED from src\main\AndroidManifest.xml:170:13-67
	android:name
		ADDED from src\main\AndroidManifest.xml:166:13-52
service#com.igexin.download.DownloadService
ADDED from src\main\AndroidManifest.xml:173:9-175:46
	android:process
		ADDED from src\main\AndroidManifest.xml:175:13-43
	android:name
		ADDED from src\main\AndroidManifest.xml:174:13-63
receiver#com.igexin.download.DownloadReceiver
ADDED from src\main\AndroidManifest.xml:177:9-181:20
	android:name
		ADDED from src\main\AndroidManifest.xml:177:19-70
intent-filter#android.net.conn.CONNECTIVITY_CHANGE
ADDED from src\main\AndroidManifest.xml:178:13-180:29
provider#com.igexin.download.DownloadProvider
ADDED from src\main\AndroidManifest.xml:183:9-187:46
	android:authorities
		ADDED from src\main\AndroidManifest.xml:185:13-70
	android:process
		ADDED from src\main\AndroidManifest.xml:187:13-43
	android:exported
		ADDED from src\main\AndroidManifest.xml:186:13-36
	android:name
		ADDED from src\main\AndroidManifest.xml:184:13-64
activity#com.igexin.getuiext.activity.GetuiExtActivity
ADDED from src\main\AndroidManifest.xml:189:9-196:75
	android:process
		ADDED from src\main\AndroidManifest.xml:194:13-43
	android:excludeFromRecents
		ADDED from src\main\AndroidManifest.xml:192:13-46
	android:exported
		ADDED from src\main\AndroidManifest.xml:193:13-37
	android:configChanges
		ADDED from src\main\AndroidManifest.xml:191:13-72
	android:theme
		ADDED from src\main\AndroidManifest.xml:196:13-72
	android:taskAffinity
		ADDED from src\main\AndroidManifest.xml:195:13-62
	android:name
		ADDED from src\main\AndroidManifest.xml:190:13-73
receiver#com.igexin.getuiext.service.PayloadReceiver
ADDED from src\main\AndroidManifest.xml:198:9-205:20
	android:exported
		ADDED from src\main\AndroidManifest.xml:200:13-37
	android:name
		ADDED from src\main\AndroidManifest.xml:199:13-71
intent-filter#com.igexin.sdk.action.7fjUl2Z3LH6xYy7NQK4ni4+com.igexin.sdk.action.o89xHDRjkbAlbLr72bHEF5
ADDED from src\main\AndroidManifest.xml:201:13-204:29
action#com.igexin.sdk.action.7fjUl2Z3LH6xYy7NQK4ni4
ADDED from src\main\AndroidManifest.xml:202:17-87
	android:name
		ADDED from src\main\AndroidManifest.xml:202:25-84
service#com.igexin.getuiext.service.GetuiExtService
ADDED from src\main\AndroidManifest.xml:207:9-209:46
	android:process
		ADDED from src\main\AndroidManifest.xml:209:13-43
	android:name
		ADDED from src\main\AndroidManifest.xml:208:13-71
activity#com.jankin.smartgeography.NearbyActivity
ADDED from src\main\AndroidManifest.xml:212:9-215:20
	android:label
		ADDED from src\main\AndroidManifest.xml:214:13-58
	android:name
		ADDED from src\main\AndroidManifest.xml:213:13-68
activity#com.jankin.smartgeography.WebViewActivity
ADDED from src\main\AndroidManifest.xml:216:9-219:20
	android:label
		ADDED from src\main\AndroidManifest.xml:218:13-60
	android:name
		ADDED from src\main\AndroidManifest.xml:217:13-69
activity#com.jankin.smartgeography.DataViewActivity
ADDED from src\main\AndroidManifest.xml:220:9-223:20
	android:label
		ADDED from src\main\AndroidManifest.xml:222:13-61
	android:name
		ADDED from src\main\AndroidManifest.xml:221:13-70